<?xml version="1.0" encoding="UTF-8"?>
<!-- Generated by org.testng.reporters.JUnitReportReporter -->
<testsuite hostname="LAPTOP-TU9KCJFH" failures="0" tests="2" name="com.crm.genric.baseutility.Testclass1" time="0.031" errors="0" timestamp="2024-05-02T10:08:27 IST" skipped="0">
  <testcase classname="com.crm.genric.baseutility.Testclass1" name="createorgtest1" time="0.006"/>
  <testcase classname="com.crm.genric.baseutility.Testclass1" name="createorgtest" time="0.025"/>
</testsuite> <!-- com.crm.genric.baseutility.Testclass1 -->
