<?xml version="1.0" encoding="UTF-8"?>
<!-- Generated by org.testng.reporters.JUnitReportReporter -->
<testsuite hostname="LAPTOP-TU9KCJFH" failures="0" tests="1" name="com.comcast.crm.generic.contacttest.Exprientment" time="0.019" errors="0" timestamp="2024-05-06T13:07:00 IST" skipped="0">
  <testcase classname="com.comcast.crm.generic.contacttest.Exprientment" name="test" time="0.019">
    <system-out>
      <![CDATA[test2
test5
test3
test5]]>
    </system-out>
  </testcase> <!-- test -->
  <system-out>
    <![CDATA[test2
test5
test3
test5]]>
  </system-out>
</testsuite> <!-- com.comcast.crm.generic.contacttest.Exprientment -->
