<?xml version="1.0" encoding="UTF-8"?>
<!-- Generated by org.testng.reporters.JUnitXMLReporter -->
<testsuite ignored="2" hostname="LAPTOP-TU9KCJFH" failures="0" tests="1" name="Default test" time="53.39" errors="0" timestamp="2024-05-15T17:11:56 IST">
  <testcase classname="com.comcast.crm.generic.orgtest.CONTACTCLASS1" name="contacttest1" time="31.4"/>
  <testcase classname="com.comcast.crm.generic.orgtest.CONTACTCLASS1" name="contacttest" time="0.0">
    <ignored/>
  </testcase> <!-- contacttest -->
  <testcase classname="com.comcast.crm.generic.orgtest.CONTACTCLASS1" name="contacttest2" time="0.0">
    <ignored/>
  </testcase> <!-- contacttest2 -->
</testsuite> <!-- Default test -->
