<?xml version="1.0" encoding="UTF-8"?>
<!-- Generated by org.testng.reporters.JUnitXMLReporter -->
<testsuite ignored="2" hostname="LAPTOP-TU9KCJFH" failures="0" tests="6" name="Test_2" time="294.007" errors="0" timestamp="2024-05-04T15:58:28 IST">
  <testcase classname="com.comcast.crm.generic.orgtest.CONTACTCLASS1" name="contacttest" time="29.529"/>
  <testcase classname="com.comcast.crm.generic.orgtest.CONTACTCLASS1" name="contacttest1" time="43.878"/>
  <testcase classname="com.comcast.crm.generic.orgtest.CONTACTCLASS1" name="contacttest2" time="29.458"/>
  <testcase classname="com.comcast.crm.generic.contacttest.Createorgwithdrop" name="createcontactsupportdatetest" time="33.778"/>
  <testcase classname="com.comcast.crm.generic.contacttest.Createorgwithdrop" name="createcontactwithorggdatetest" time="30.155"/>
  <testcase classname="com.comcast.crm.generic.contacttest.Createorgwithdrop" name="test2" time="28.466"/>
  <testcase classname="com.crm.genric.baseutility.Baseclass" name="@BeforeSuite configbs" time="0.0">
    <ignored/>
  </testcase> <!-- @BeforeSuite configbs -->
  <testcase classname="com.crm.genric.baseutility.Baseclass" name="@AfterSuite configas" time="0.0">
    <ignored/>
  </testcase> <!-- @AfterSuite configas -->
</testsuite> <!-- Test_2 -->
