<?xml version="1.0" encoding="UTF-8"?>
<!-- Generated by org.testng.reporters.JUnitXMLReporter -->
<testsuite ignored="0" hostname="LAPTOP-TU9KCJFH" failures="1" tests="3" name="Test-2" time="62.468" errors="0" timestamp="2024-05-09T16:03:11 IST">
  <testcase classname="com.comcast.crm.generic.orgtest.CONTACTCLASS1" name="contacttest" time="0.063">
    <failure type="java.lang.NullPointerException" message="Cannot invoke &amp;quot;com.aventstack.extentreports.ExtentTest.log(com.aventstack.extentreports.Status, String)&amp;quot; because the return value of &amp;quot;com.com.cast.crm.generic.webdriverutlity.Utilityclassobject.gettest()&amp;quot; is null">
      <![CDATA[java.lang.NullPointerException: Cannot invoke "com.aventstack.extentreports.ExtentTest.log(com.aventstack.extentreports.Status, String)" because the return value of "com.com.cast.crm.generic.webdriverutlity.Utilityclassobject.gettest()" is null
at com.comcast.crm.generic.orgtest.CONTACTCLASS1.contacttest(CONTACTCLASS1.java:46)
at java.base/java.util.ArrayList.forEach(ArrayList.java:1511)
at java.base/java.util.concurrent.FutureTask.run(FutureTask.java:264)
at java.base/java.util.concurrent.ThreadPoolExecutor.runWorker(ThreadPoolExecutor.java:1136)
at java.base/java.util.concurrent.ThreadPoolExecutor$Worker.run(ThreadPoolExecutor.java:635)
at java.base/java.lang.Thread.run(Thread.java:833)
... Removed 15 stack frames]]>
    </failure>
  </testcase> <!-- contacttest -->
  <testcase classname="com.comcast.crm.generic.orgtest.CONTACTCLASS1" name="contacttest1" time="0.0">
    <skipped/>
  </testcase> <!-- contacttest1 -->
  <testcase classname="com.comcast.crm.generic.orgtest.CONTACTCLASS1" name="contacttest2" time="0.0">
    <skipped/>
  </testcase> <!-- contacttest2 -->
</testsuite> <!-- Test-2 -->
