<?xml version="1.0" encoding="UTF-8"?>
<!-- Generated by org.testng.reporters.JUnitXMLReporter -->
<testsuite ignored="0" hostname="LAPTOP-TU9KCJFH" failures="0" tests="3" name="Test" time="204.14" errors="0" timestamp="2024-05-09T17:31:58 IST">
  <testcase classname="com.comcast.crm.generic.orgtest.CONTACTCLASS1" name="contacttest" time="58.081"/>
  <testcase classname="com.comcast.crm.generic.orgtest.CONTACTCLASS1" name="contacttest1" time="29.865"/>
  <testcase classname="com.comcast.crm.generic.orgtest.CONTACTCLASS1" name="contacttest2" time="31.906"/>
</testsuite> <!-- Test -->
