<?xml version="1.0" encoding="UTF-8"?>
<testng-results ignored="0" total="1" passed="1" failed="0" skipped="0">
  <reporter-output>
  </reporter-output>
  <suite started-at="2024-05-15T17:11:03 IST" name="Default suite" finished-at="2024-05-15T17:11:56 IST" duration-ms="53390">
    <groups>
    </groups>
    <test started-at="2024-05-15T17:11:03 IST" name="Default test" finished-at="2024-05-15T17:11:56 IST" duration-ms="53390">
      <class name="com.comcast.crm.generic.orgtest.CONTACTCLASS1">
        <test-method is-config="true" signature="configbs()[pri:0, instance:com.comcast.crm.generic.orgtest.CONTACTCLASS1@302552ec]" started-at="2024-05-15T17:11:03 IST" name="configbs" finished-at="2024-05-15T17:11:03 IST" duration-ms="14" status="PASS">
          <reporter-output>
          </reporter-output>
        </test-method> <!-- configbs -->
        <test-method is-config="true" signature="confiBC()[pri:0, instance:com.comcast.crm.generic.orgtest.CONTACTCLASS1@302552ec]" started-at="2024-05-15T17:11:03 IST" name="confiBC" finished-at="2024-05-15T17:11:07 IST" duration-ms="3968" status="PASS">
          <reporter-output>
          </reporter-output>
        </test-method> <!-- confiBC -->
        <test-method is-config="true" signature="ctreateorgBM()[pri:0, instance:com.comcast.crm.generic.orgtest.CONTACTCLASS1@302552ec]" started-at="2024-05-15T17:11:07 IST" name="ctreateorgBM" finished-at="2024-05-15T17:11:19 IST" duration-ms="12636" status="PASS">
          <reporter-output>
          </reporter-output>
        </test-method> <!-- ctreateorgBM -->
        <test-method signature="contacttest1()[pri:0, instance:com.comcast.crm.generic.orgtest.CONTACTCLASS1@302552ec]" started-at="2024-05-15T17:11:19 IST" name="contacttest1" finished-at="2024-05-15T17:11:51 IST" duration-ms="31400" status="PASS">
          <reporter-output>
          </reporter-output>
        </test-method> <!-- contacttest1 -->
        <test-method is-config="true" signature="craeteorgAM()[pri:0, instance:com.comcast.crm.generic.orgtest.CONTACTCLASS1@302552ec]" started-at="2024-05-15T17:11:51 IST" name="craeteorgAM" finished-at="2024-05-15T17:11:55 IST" duration-ms="3934" status="PASS">
          <reporter-output>
          </reporter-output>
        </test-method> <!-- craeteorgAM -->
        <test-method is-config="true" signature="createorgAC()[pri:0, instance:com.comcast.crm.generic.orgtest.CONTACTCLASS1@302552ec]" started-at="2024-05-15T17:11:55 IST" name="createorgAC" finished-at="2024-05-15T17:11:56 IST" duration-ms="1346" status="PASS">
          <reporter-output>
          </reporter-output>
        </test-method> <!-- createorgAC -->
        <test-method is-config="true" signature="configas()[pri:0, instance:com.comcast.crm.generic.orgtest.CONTACTCLASS1@302552ec]" started-at="2024-05-15T17:11:56 IST" name="configas" finished-at="2024-05-15T17:11:56 IST" duration-ms="11" status="PASS">
          <reporter-output>
          </reporter-output>
        </test-method> <!-- configas -->
      </class> <!-- com.comcast.crm.generic.orgtest.CONTACTCLASS1 -->
    </test> <!-- Default test -->
  </suite> <!-- Default suite -->
</testng-results>
